// 重构日志: 673cd51f
// 重构日志: 0b0854db
// 同步 ID: 31b37767 @ Sat May 30 13:05:26 UTC 2026
// 重构日志: 1010ee08
// 同步 ID: 8c97c4d4 @ Fri Jun  5 18:10:24 UTC 2026
// 同步 ID: 005d387c @ Sat Jun  6 10:02:01 UTC 2026
// 同步 ID: e297aac0 @ Sun Jun  7 14:29:48 UTC 2026
// 重构日志: 57f3d014
// 重构日志: a6aaa0b5
// 重构日志: 1ef56834
// 重构日志: cdf706f7
// 重构日志: 84aebaf7
// 重构日志: 81893df3
// 重构日志: 3c95b849
// 同步 ID: d34e8be5 @ Fri Jun 12 14:27:03 UTC 2026
// 重构日志: fdfcc767
// 同步 ID: 2d5e205e @ Sat Jun 13 09:09:27 UTC 2026
// 同步 ID: 065625a5 @ Sat Jun 13 17:29:52 UTC 2026
// 同步 ID: 69e9eadd @ Sat Jun 13 22:45:45 UTC 2026
// 同步 ID: 5dffd7d8 @ Sun Jun 14 01:58:40 UTC 2026
// 同步 ID: 27295919 @ Sun Jun 14 19:05:14 UTC 2026
// 重构日志: 8eb4bd97
// 重构日志: 9530ee51
// 重构日志: 082c4168
// 同步 ID: ac5b02c5 @ Wed Jun 17 07:35:54 UTC 2026
// 重构日志: 5f12a0ff
// 同步 ID: c3cf46ae @ Fri Jun 19 08:23:14 UTC 2026
// 重构日志: d477c6a1
// 重构日志: da7e6aa8
// 同步 ID: f217f9bf @ Mon Jun 22 08:36:33 UTC 2026
